<?xml version="1.0" encoding="UTF-8"?>
<!-- Generated by org.testng.reporters.JUnitReportReporter -->
<testsuite skipped="0" hostname="DESKTOP-TAUR7C6" name="Test.endtoenduser" tests="1" failures="0" timestamp="2022-08-22T21:28:09 NZST" time="58.218" errors="0">
  <testcase name="Endtoendtesting" time="58.218" classname="Test.endtoenduser"/>
  <system-out/>
</testsuite> <!-- Test.endtoenduser -->
