<?xml version="1.0" encoding="UTF-8"?>
<!-- Generated by org.testng.reporters.JUnitReportReporter -->
<testsuite skipped="0" hostname="DESKTOP-TAUR7C6" name="Test.login" tests="1" failures="0" timestamp="2022-08-22T21:34:59 NZST" time="23.516" errors="0">
  <testcase name="loginsetup" time="23.516" classname="Test.login"/>
  <system-out/>
</testsuite> <!-- Test.login -->
